# JRE version: Java(TM) SE Runtime Environment (8.0_144-b01) (build 1.8.0_144-b01)
# Java VM: Java HotSpot(TM) Client VM (25.144-b01 mixed mode windows-x86 )
Heap:
 def new generation   total 39424K, used 18051K [0x05000000, 0x07ac0000, 0x0faa0000)
  eden space 35072K,  48% used [0x05000000, 0x0608cb40, 0x07240000)
  from space 4352K,  25% used [0x07680000, 0x07794358, 0x07ac0000)
  to   space 4352K,   0% used [0x07240000, 0x07240000, 0x07680000)
 tenured generation   total 87424K, used 51617K [0x0faa0000, 0x15000000, 0x25000000)
   the space 87424K,  59% used [0x0faa0000, 0x12d08530, 0x12d08600, 0x15000000)
 Metaspace       used 20354K, capacity 20858K, committed 21120K, reserved 21888K
GC Heap History (10 events):
Event: 187673.092 GC heap before
{Heap before GC invocations=24 (full 2):
 def new generation   total 39424K, used 36353K [0x05000000, 0x07ac0000, 0x0faa0000)
  eden space 35072K, 100% used [0x05000000, 0x07240000, 0x07240000)
  from space 4352K,  29% used [0x07240000, 0x07380438, 0x07680000)
  to   space 4352K,   0% used [0x07680000, 0x07680000, 0x07ac0000)
 tenured generation   total 87424K, used 51596K [0x0faa0000, 0x15000000, 0x25000000)
   the space 87424K,  59% used [0x0faa0000, 0x12d033b8, 0x12d03400, 0x15000000)
 Metaspace       used 20354K, capacity 20858K, committed 21120K, reserved 21888K
Event: 187673.112 GC heap after
Heap after GC invocations=25 (full 2):
 def new generation   total 39424K, used 1339K [0x05000000, 0x07ac0000, 0x0faa0000)
  eden space 35072K,   0% used [0x05000000, 0x05000000, 0x07240000)
  from space 4352K,  30% used [0x07680000, 0x077ceef0, 0x07ac0000)
  to   space 4352K,   0% used [0x07240000, 0x07240000, 0x07680000)
 tenured generation   total 87424K, used 51596K [0x0faa0000, 0x15000000, 0x25000000)
   the space 87424K,  59% used [0x0faa0000, 0x12d033b8, 0x12d03400, 0x15000000)
 Metaspace       used 20354K, capacity 20858K, committed 21120K, reserved 21888K
}
Event: 187833.120 GC heap before
{Heap before GC invocations=25 (full 2):
 def new generation   total 39424K, used 36411K [0x05000000, 0x07ac0000, 0x0faa0000)
  eden space 35072K, 100% used [0x05000000, 0x07240000, 0x07240000)
  from space 4352K,  30% used [0x07680000, 0x077ceef0, 0x07ac0000)
  to   space 4352K,   0% used [0x07240000, 0x07240000, 0x07680000)
 tenured generation   total 87424K, used 51596K [0x0faa0000, 0x15000000, 0x25000000)
   the space 87424K,  59% used [0x0faa0000, 0x12d033b8, 0x12d03400, 0x15000000)
 Metaspace       used 20354K, capacity 20858K, committed 21120K, reserved 21888K
Event: 187833.127 GC heap after
Heap after GC invocations=26 (full 2):
 def new generation   total 39424K, used 1298K [0x05000000, 0x07ac0000, 0x0faa0000)
  eden space 35072K,   0% used [0x05000000, 0x05000000, 0x07240000)
  from space 4352K,  29% used [0x07240000, 0x07384960, 0x07680000)
  to   space 4352K,   0% used [0x07680000, 0x07680000, 0x07ac0000)
 tenured generation   total 87424K, used 51596K [0x0faa0000, 0x15000000, 0x25000000)
   the space 87424K,  59% used [0x0faa0000, 0x12d033b8, 0x12d03400, 0x15000000)
 Metaspace       used 20354K, capacity 20858K, committed 21120K, reserved 21888K
}
Event: 187981.697 GC heap before
{Heap before GC invocations=26 (full 2):
 def new generation   total 39424K, used 36370K [0x05000000, 0x07ac0000, 0x0faa0000)
  eden space 35072K, 100% used [0x05000000, 0x07240000, 0x07240000)
  from space 4352K,  29% used [0x07240000, 0x07384b20, 0x07680000)
  to   space 4352K,   0% used [0x07680000, 0x07680000, 0x07ac0000)
 tenured generation   total 87424K, used 51596K [0x0faa0000, 0x15000000, 0x25000000)
   the space 87424K,  59% used [0x0faa0000, 0x12d033b8, 0x12d03400, 0x15000000)
 Metaspace       used 20354K, capacity 20858K, committed 21120K, reserved 21888K
Event: 187981.705 GC heap after
Heap after GC invocations=27 (full 2):
 def new generation   total 39424K, used 1246K [0x05000000, 0x07ac0000, 0x0faa0000)
  eden space 35072K,   0% used [0x05000000, 0x05000000, 0x07240000)
  from space 4352K,  28% used [0x07680000, 0x077b7998, 0x07ac0000)
  to   space 4352K,   0% used [0x07240000, 0x07240000, 0x07680000)
 tenured generation   total 87424K, used 51599K [0x0faa0000, 0x15000000, 0x25000000)
   the space 87424K,  59% used [0x0faa0000, 0x12d03fa0, 0x12d04000, 0x15000000)
 Metaspace       used 20354K, capacity 20858K, committed 21120K, reserved 21888K
}
Event: 188150.338 GC heap before
{Heap before GC invocations=27 (full 2):
 def new generation   total 39424K, used 36318K [0x05000000, 0x07ac0000, 0x0faa0000)
  eden space 35072K, 100% used [0x05000000, 0x07240000, 0x07240000)
  from space 4352K,  28% used [0x07680000, 0x077b7998, 0x07ac0000)
  to   space 4352K,   0% used [0x07240000, 0x07240000, 0x07680000)
 tenured generation   total 87424K, used 51599K [0x0faa0000, 0x15000000, 0x25000000)
   the space 87424K,  59% used [0x0faa0000, 0x12d03fa0, 0x12d04000, 0x15000000)
 Metaspace       used 20354K, capacity 20858K, committed 21120K, reserved 21888K
Event: 188150.346 GC heap after
Heap after GC invocations=28 (full 2):
 def new generation   total 39424K, used 1012K [0x05000000, 0x07ac0000, 0x0faa0000)
  eden space 35072K,   0% used [0x05000000, 0x05000000, 0x07240000)
  from space 4352K,  23% used [0x07240000, 0x0733d0a0, 0x07680000)
  to   space 4352K,   0% used [0x07680000, 0x07680000, 0x07ac0000)
 tenured generation   total 87424K, used 51610K [0x0faa0000, 0x15000000, 0x25000000)
   the space 87424K,  59% used [0x0faa0000, 0x12d06b28, 0x12d06c00, 0x15000000)
 Metaspace       used 20354K, capacity 20858K, committed 21120K, reserved 21888K
}
Event: 188382.075 GC heap before
{Heap before GC invocations=28 (full 2):
 def new generation   total 39424K, used 36084K [0x05000000, 0x07ac0000, 0x0faa0000)
  eden space 35072K, 100% used [0x05000000, 0x07240000, 0x07240000)
  from space 4352K,  23% used [0x07240000, 0x0733d0a0, 0x07680000)
  to   space 4352K,   0% used [0x07680000, 0x07680000, 0x07ac0000)
 tenured generation   total 87424K, used 51610K [0x0faa0000, 0x15000000, 0x25000000)
   the space 87424K,  59% used [0x0faa0000, 0x12d06b28, 0x12d06c00, 0x15000000)
 Metaspace       used 20354K, capacity 20858K, committed 21120K, reserved 21888K
Event: 188382.084 GC heap after
Heap after GC invocations=29 (full 2):
 def new generation   total 39424K, used 1104K [0x05000000, 0x07ac0000, 0x0faa0000)
  eden space 35072K,   0% used [0x05000000, 0x05000000, 0x07240000)
  from space 4352K,  25% used [0x07680000, 0x07794358, 0x07ac0000)
  to   space 4352K,   0% used [0x07240000, 0x07240000, 0x07680000)
 tenured generation   total 87424K, used 51617K [0x0faa0000, 0x15000000, 0x25000000)
   the space 87424K,  59% used [0x0faa0000, 0x12d08530, 0x12d08600, 0x15000000)
 Metaspace       used 20354K, capacity 20858K, committed 21120K, reserved 21888K
}

